0 info it worked if it ends with ok
1 verbose cli [ 'node', '/usr/bin/npm', 'install', 'fsevents' ]
2 info using npm@3.10.5
3 info using node@v0.12.15
4 verbose node symlink /usr/bin/node
5 silly loadCurrentTree Starting
6 silly install loadCurrentTree
7 silly install readLocalPackageData
8 silly fetchPackageMetaData fsevents
9 silly fetchNamedPackageData fsevents
10 silly mapToRegistry name fsevents
11 silly mapToRegistry using default registry
12 silly mapToRegistry registry https://registry.npmjs.org/
13 silly mapToRegistry data { raw: 'fsevents',
13 silly mapToRegistry   scope: null,
13 silly mapToRegistry   escapedName: 'fsevents',
13 silly mapToRegistry   name: 'fsevents',
13 silly mapToRegistry   rawSpec: '',
13 silly mapToRegistry   spec: 'latest',
13 silly mapToRegistry   type: 'tag' }
14 silly mapToRegistry uri https://registry.npmjs.org/fsevents
15 verbose request uri https://registry.npmjs.org/fsevents
16 verbose request no auth needed
17 info attempt registry request try #1 at 8:59:10 PM
18 verbose request id 57de188f5c39b5a3
19 verbose etag "1IUUBBNAFSLRNOMEHDGNJ1LTJ"
20 http request GET https://registry.npmjs.org/fsevents
21 http 304 https://registry.npmjs.org/fsevents
22 verbose headers { date: 'Sat, 23 Jul 2016 03:59:10 GMT',
22 verbose headers   via: '1.1 varnish',
22 verbose headers   'cache-control': 'max-age=300',
22 verbose headers   etag: '"1IUUBBNAFSLRNOMEHDGNJ1LTJ"',
22 verbose headers   age: '280',
22 verbose headers   connection: 'keep-alive',
22 verbose headers   'x-served-by': 'cache-lax1429-LAX',
22 verbose headers   'x-cache': 'HIT',
22 verbose headers   'x-cache-hits': '4',
22 verbose headers   'x-timer': 'S1469246350.084345,VS0,VE0',
22 verbose headers   vary: 'Accept-Encoding' }
23 silly get cb [ 304,
23 silly get   { date: 'Sat, 23 Jul 2016 03:59:10 GMT',
23 silly get     via: '1.1 varnish',
23 silly get     'cache-control': 'max-age=300',
23 silly get     etag: '"1IUUBBNAFSLRNOMEHDGNJ1LTJ"',
23 silly get     age: '280',
23 silly get     connection: 'keep-alive',
23 silly get     'x-served-by': 'cache-lax1429-LAX',
23 silly get     'x-cache': 'HIT',
23 silly get     'x-cache-hits': '4',
23 silly get     'x-timer': 'S1469246350.084345,VS0,VE0',
23 silly get     vary: 'Accept-Encoding' } ]
24 verbose etag https://registry.npmjs.org/fsevents from cache
25 verbose get saving fsevents to /home/dc/.npm/registry.npmjs.org/fsevents/.cache.json
26 verbose correctMkdir /home/dc/.npm correctMkdir not in flight; initializing
27 silly install normalizeTree
28 silly loadCurrentTree Finishing
29 silly loadIdealTree Starting
30 silly install loadIdealTree
31 silly cloneCurrentTree Starting
32 silly install cloneCurrentTreeToIdealTree
33 silly cloneCurrentTree Finishing
34 silly loadShrinkwrap Starting
35 silly install loadShrinkwrap
36 silly loadShrinkwrap Finishing
37 silly loadAllDepsIntoIdealTree Starting
38 silly install loadAllDepsIntoIdealTree
39 silly rollbackFailedOptional Starting
40 silly rollbackFailedOptional Finishing
41 silly runTopLevelLifecycles Starting
42 silly runTopLevelLifecycles Finishing
43 silly install printInstalled
44 verbose stack Error: Unsupported platform for fsevents@1.0.14: wanted {"name":"fsevents","version":"1.0.14","description":"Native Access to Mac OS-X FSEvents","main":"fsevents.js","dependencies":{"nan":"^2.3.0","node-pre-gyp":"^0.6.29"},"os":["darwin"],"engines":{"node":">=0.8.0"},"scripts":{"install":"node-pre-gyp install --fallback-to-build","prepublish":"if [ $(npm -v | head -c 1) -lt 3 ]; then exit 1; fi && npm dedupe","test":"tap ./test"},"binary":{"module_name":"fse","module_path":"./lib/binding/{configuration}/{node_abi}-{platform}-{arch}/","remote_path":"./v{version}/","package_name":"{module_name}-v{version}-{node_abi}-{platform}-{arch}.tar.gz","host":"https://fsevents-binaries.s3-us-west-2.amazonaws.com"},"repository":{"type":"git","url":"git+https://github.com/strongloop/fsevents.git"},"keywords":["fsevents","mac"],"author":{"name":"Philipp Dunkel","email":"pip@pipobscure.com"},"license":"MIT","bugs":{"url":"https://github.com/strongloop/fsevents/issues"},"homepage":"https://github.com/strongloop/fsevents","devDependencies":{"tap":"~0.4.8"},"gitHead":"fe059ea77fae15ed289271eecc881a2b7fb54edd","bundleDependencies":["node-pre-gyp"],"_id":"fsevents@1.0.14","_shasum":"558e8cc38643d8ef40fe45158486d0d25758eee4","_from":"fsevents","_npmVersion":"3.6.0","_nodeVersion":"5.6.0","_npmUser":{"name":"es128","email":"elan.shanker+npm@gmail.com"},"dist":{"shasum":"558e8cc38643d8ef40fe45158486d0d25758eee4","tarball":"https://registry.npmjs.org/fsevents/-/fsevents-1.0.14.tgz"},"maintainers":[{"name":"bajtos","email":"miro.bajtos@gmail.com"},{"name":"bnoordhuis","email":"info@bnoordhuis.nl"},{"name":"es128","email":"elan.shanker+npm@gmail.com"},{"name":"pipobscure","email":"pip@pipobscure.com"},{"name":"strongloop","email":"callback@strongloop.com"}],"_npmOperationalInternal":{"host":"packages-16-east.internal.npmjs.com","tmp":"tmp/fsevents-1.0.14.tgz_1468846610948_0.4684492303058505"},"directories":{},"_resolved":"https://registry.npmjs.org/fsevents/-/fsevents-1.0.14.tgz","_requested":{"raw":"fsevents","scope":null,"escapedName":"fsevents","name":"fsevents","rawSpec":"","spec":"latest","type":"tag"},"_spec":"fsevents","_where":"/home/dc/myProjects/learn/learnCode/learnJS/react-presentation/4. React Router","_args":[[{"raw":"fsevents","scope":null,"escapedName":"fsevents","name":"fsevents","rawSpec":"","spec":"latest","type":"tag"},"/home/dc/myProjects/learn/learnCode/learnJS/react-presentation/4. React Router"]],"readme":"ERROR: No README data found!"} (current: {"os":"linux","cpu":"x64"})
44 verbose stack     at checkPlatform (/usr/lib/node_modules/npm/node_modules/npm-install-checks/index.js:45:14)
44 verbose stack     at thenWarnEngineIssues (/usr/lib/node_modules/npm/lib/install/validate-args.js:41:5)
44 verbose stack     at /usr/lib/node_modules/npm/node_modules/iferr/index.js:13:50
44 verbose stack     at checkEngine (/usr/lib/node_modules/npm/node_modules/npm-install-checks/index.js:24:10)
44 verbose stack     at module.exports.isInstallable (/usr/lib/node_modules/npm/lib/install/validate-args.js:38:3)
44 verbose stack     at Array.<anonymous> (/usr/lib/node_modules/npm/node_modules/slide/lib/bind-actor.js:15:8)
44 verbose stack     at LOOP (/usr/lib/node_modules/npm/node_modules/slide/lib/chain.js:15:14)
44 verbose stack     at /usr/lib/node_modules/npm/node_modules/slide/lib/chain.js:18:7
44 verbose stack     at checkSelf (/usr/lib/node_modules/npm/lib/install/validate-args.js:46:72)
44 verbose stack     at Array.<anonymous> (/usr/lib/node_modules/npm/node_modules/slide/lib/bind-actor.js:15:8)
45 verbose pkgid fsevents@1.0.14
46 verbose cwd /home/dc/myProjects/learn/learnCode/learnJS/react-presentation/4. React Router
47 error Linux 3.13.0-92-generic
48 error argv "node" "/usr/bin/npm" "install" "fsevents"
49 error node v0.12.15
50 error npm  v3.10.5
51 error code EBADPLATFORM
52 error notsup Not compatible with your operating system or architecture: fsevents@1.0.14
53 error notsup Valid OS:    darwin
53 error notsup Valid Arch:  any
53 error notsup Actual OS:   linux
53 error notsup Actual Arch: x64
54 verbose exit [ 1, true ]
